2021-08-16 07:44:37,582 [INFO ] W-9000-morphine_1.0-stdout MODEL_LOG - Listening on port: /var/folders/0c/54lgz9b14hd55f_d4cynpllr0000gn/T//.ts.sock.9000
2021-08-16 07:44:37,583 [INFO ] W-9001-morphine_1.0-stdout MODEL_LOG - Listening on port: /var/folders/0c/54lgz9b14hd55f_d4cynpllr0000gn/T//.ts.sock.9001
2021-08-16 07:44:37,583 [INFO ] W-9009-morphine_1.0-stdout MODEL_LOG - Listening on port: /var/folders/0c/54lgz9b14hd55f_d4cynpllr0000gn/T//.ts.sock.9009
2021-08-16 07:44:37,582 [INFO ] W-9007-morphine_1.0-stdout MODEL_LOG - Listening on port: /var/folders/0c/54lgz9b14hd55f_d4cynpllr0000gn/T//.ts.sock.9007
2021-08-16 07:44:37,582 [INFO ] W-9006-morphine_1.0-stdout MODEL_LOG - Listening on port: /var/folders/0c/54lgz9b14hd55f_d4cynpllr0000gn/T//.ts.sock.9006
2021-08-16 07:44:37,582 [INFO ] W-9014-morphine_1.0-stdout MODEL_LOG - Listening on port: /var/folders/0c/54lgz9b14hd55f_d4cynpllr0000gn/T//.ts.sock.9014
2021-08-16 07:44:37,585 [INFO ] W-9003-morphine_1.0-stdout MODEL_LOG - Listening on port: /var/folders/0c/54lgz9b14hd55f_d4cynpllr0000gn/T//.ts.sock.9003
2021-08-16 07:44:37,585 [INFO ] W-9007-morphine_1.0-stdout MODEL_LOG - [PID]81503
2021-08-16 07:44:37,585 [INFO ] W-9014-morphine_1.0-stdout MODEL_LOG - [PID]81501
2021-08-16 07:44:37,582 [INFO ] W-9005-morphine_1.0-stdout MODEL_LOG - Listening on port: /var/folders/0c/54lgz9b14hd55f_d4cynpllr0000gn/T//.ts.sock.9005
2021-08-16 07:44:37,585 [INFO ] W-9007-morphine_1.0-stdout MODEL_LOG - Torch worker started.
2021-08-16 07:44:37,584 [INFO ] W-9000-morphine_1.0-stdout MODEL_LOG - [PID]81496
2021-08-16 07:44:37,584 [INFO ] W-9013-morphine_1.0-stdout MODEL_LOG - Listening on port: /var/folders/0c/54lgz9b14hd55f_d4cynpllr0000gn/T//.ts.sock.9013
2021-08-16 07:44:37,585 [INFO ] W-9005-morphine_1.0-stdout MODEL_LOG - [PID]81499
2021-08-16 07:44:37,585 [INFO ] W-9007-morphine_1.0-stdout MODEL_LOG - Python runtime: 3.7.10
2021-08-16 07:44:37,585 [INFO ] W-9002-morphine_1.0-stdout MODEL_LOG - Listening on port: /var/folders/0c/54lgz9b14hd55f_d4cynpllr0000gn/T//.ts.sock.9002
2021-08-16 07:44:37,585 [INFO ] W-9014-morphine_1.0-stdout MODEL_LOG - Torch worker started.
2021-08-16 07:44:37,585 [INFO ] W-9005-morphine_1.0-stdout MODEL_LOG - Torch worker started.
2021-08-16 07:44:37,585 [INFO ] W-9000-morphine_1.0-stdout MODEL_LOG - Torch worker started.
2021-08-16 07:44:37,586 [INFO ] W-9003-morphine_1.0-stdout MODEL_LOG - [PID]81497
2021-08-16 07:44:37,586 [INFO ] W-9002-morphine_1.0-stdout MODEL_LOG - [PID]81504
2021-08-16 07:44:37,586 [INFO ] W-9013-morphine_1.0-stdout MODEL_LOG - [PID]81508
2021-08-16 07:44:37,587 [INFO ] W-9006-morphine_1.0-stdout MODEL_LOG - [PID]81502
2021-08-16 07:44:37,587 [INFO ] W-9001-morphine_1.0-stdout MODEL_LOG - [PID]81506
2021-08-16 07:44:37,587 [INFO ] W-9006-morphine_1.0-stdout MODEL_LOG - Torch worker started.
2021-08-16 07:44:37,587 [INFO ] W-9013-morphine_1.0-stdout MODEL_LOG - Torch worker started.
2021-08-16 07:44:37,588 [INFO ] W-9002-morphine_1.0-stdout MODEL_LOG - Torch worker started.
2021-08-16 07:44:37,588 [INFO ] W-9013-morphine_1.0-stdout MODEL_LOG - Python runtime: 3.7.10
2021-08-16 07:44:37,588 [INFO ] W-9002-morphine_1.0-stdout MODEL_LOG - Python runtime: 3.7.10
2021-08-16 07:44:37,588 [INFO ] W-9003-morphine_1.0-stdout MODEL_LOG - Torch worker started.
2021-08-16 07:44:37,588 [INFO ] W-9000-morphine_1.0-stdout MODEL_LOG - Python runtime: 3.7.10
2021-08-16 07:44:37,588 [INFO ] W-9004-morphine_1.0-stdout MODEL_LOG - Listening on port: /var/folders/0c/54lgz9b14hd55f_d4cynpllr0000gn/T//.ts.sock.9004
2021-08-16 07:44:37,589 [INFO ] W-9005-morphine_1.0-stdout MODEL_LOG - Python runtime: 3.7.10
2021-08-16 07:44:37,589 [INFO ] W-9014-morphine_1.0-stdout MODEL_LOG - Python runtime: 3.7.10
2021-08-16 07:44:37,589 [INFO ] W-9004-morphine_1.0-stdout MODEL_LOG - [PID]81495
2021-08-16 07:44:37,590 [INFO ] W-9006-morphine_1.0-stdout MODEL_LOG - Python runtime: 3.7.10
2021-08-16 07:44:37,590 [INFO ] W-9004-morphine_1.0-stdout MODEL_LOG - Torch worker started.
2021-08-16 07:44:37,590 [INFO ] W-9001-morphine_1.0-stdout MODEL_LOG - Torch worker started.
2021-08-16 07:44:37,590 [INFO ] W-9004-morphine_1.0-stdout MODEL_LOG - Python runtime: 3.7.10
2021-08-16 07:44:37,590 [INFO ] W-9003-morphine_1.0-stdout MODEL_LOG - Python runtime: 3.7.10
2021-08-16 07:44:37,591 [INFO ] W-9012-morphine_1.0-stdout MODEL_LOG - Listening on port: /var/folders/0c/54lgz9b14hd55f_d4cynpllr0000gn/T//.ts.sock.9012
2021-08-16 07:44:37,591 [INFO ] W-9009-morphine_1.0-stdout MODEL_LOG - [PID]81510
2021-08-16 07:44:37,591 [INFO ] W-9015-morphine_1.0-stdout MODEL_LOG - Listening on port: /var/folders/0c/54lgz9b14hd55f_d4cynpllr0000gn/T//.ts.sock.9015
2021-08-16 07:44:37,591 [INFO ] W-9001-morphine_1.0-stdout MODEL_LOG - Python runtime: 3.7.10
2021-08-16 07:44:37,591 [INFO ] W-9012-morphine_1.0-stdout MODEL_LOG - [PID]81505
2021-08-16 07:44:37,592 [INFO ] W-9009-morphine_1.0-stdout MODEL_LOG - Torch worker started.
2021-08-16 07:44:37,592 [INFO ] W-9012-morphine_1.0-stdout MODEL_LOG - Torch worker started.
2021-08-16 07:44:37,592 [INFO ] W-9009-morphine_1.0-stdout MODEL_LOG - Python runtime: 3.7.10
2021-08-16 07:44:37,592 [INFO ] W-9015-morphine_1.0-stdout MODEL_LOG - [PID]81498
2021-08-16 07:44:37,592 [INFO ] W-9012-morphine_1.0-stdout MODEL_LOG - Python runtime: 3.7.10
2021-08-16 07:44:37,592 [INFO ] W-9015-morphine_1.0-stdout MODEL_LOG - Torch worker started.
2021-08-16 07:44:37,593 [INFO ] W-9015-morphine_1.0-stdout MODEL_LOG - Python runtime: 3.7.10
2021-08-16 07:44:37,593 [INFO ] W-9010-morphine_1.0-stdout MODEL_LOG - Listening on port: /var/folders/0c/54lgz9b14hd55f_d4cynpllr0000gn/T//.ts.sock.9010
2021-08-16 07:44:37,593 [INFO ] W-9010-morphine_1.0-stdout MODEL_LOG - [PID]81507
2021-08-16 07:44:37,593 [INFO ] W-9010-morphine_1.0-stdout MODEL_LOG - Torch worker started.
2021-08-16 07:44:37,594 [INFO ] W-9010-morphine_1.0-stdout MODEL_LOG - Python runtime: 3.7.10
2021-08-16 07:44:37,595 [INFO ] W-9011-morphine_1.0-stdout MODEL_LOG - Listening on port: /var/folders/0c/54lgz9b14hd55f_d4cynpllr0000gn/T//.ts.sock.9011
2021-08-16 07:44:37,596 [INFO ] W-9011-morphine_1.0-stdout MODEL_LOG - [PID]81509
2021-08-16 07:44:37,596 [INFO ] W-9011-morphine_1.0-stdout MODEL_LOG - Torch worker started.
2021-08-16 07:44:37,596 [INFO ] W-9011-morphine_1.0-stdout MODEL_LOG - Python runtime: 3.7.10
2021-08-16 07:44:37,604 [INFO ] W-9008-morphine_1.0-stdout MODEL_LOG - Listening on port: /var/folders/0c/54lgz9b14hd55f_d4cynpllr0000gn/T//.ts.sock.9008
2021-08-16 07:44:37,606 [INFO ] W-9008-morphine_1.0-stdout MODEL_LOG - [PID]81500
2021-08-16 07:44:37,607 [INFO ] W-9008-morphine_1.0-stdout MODEL_LOG - Torch worker started.
2021-08-16 07:44:37,608 [INFO ] W-9008-morphine_1.0-stdout MODEL_LOG - Python runtime: 3.7.10
2021-08-16 07:44:37,639 [INFO ] W-9007-morphine_1.0-stdout MODEL_LOG - Connection accepted: /var/folders/0c/54lgz9b14hd55f_d4cynpllr0000gn/T//.ts.sock.9007.
2021-08-16 07:44:37,642 [INFO ] W-9000-morphine_1.0-stdout MODEL_LOG - Connection accepted: /var/folders/0c/54lgz9b14hd55f_d4cynpllr0000gn/T//.ts.sock.9000.
2021-08-16 07:44:37,642 [INFO ] W-9011-morphine_1.0-stdout MODEL_LOG - Connection accepted: /var/folders/0c/54lgz9b14hd55f_d4cynpllr0000gn/T//.ts.sock.9011.
2021-08-16 07:44:37,642 [INFO ] W-9015-morphine_1.0-stdout MODEL_LOG - Connection accepted: /var/folders/0c/54lgz9b14hd55f_d4cynpllr0000gn/T//.ts.sock.9015.
2021-08-16 07:44:37,642 [INFO ] W-9003-morphine_1.0-stdout MODEL_LOG - Connection accepted: /var/folders/0c/54lgz9b14hd55f_d4cynpllr0000gn/T//.ts.sock.9003.
2021-08-16 07:44:37,642 [INFO ] W-9006-morphine_1.0-stdout MODEL_LOG - Connection accepted: /var/folders/0c/54lgz9b14hd55f_d4cynpllr0000gn/T//.ts.sock.9006.
2021-08-16 07:44:37,642 [INFO ] W-9002-morphine_1.0-stdout MODEL_LOG - Connection accepted: /var/folders/0c/54lgz9b14hd55f_d4cynpllr0000gn/T//.ts.sock.9002.
2021-08-16 07:44:37,642 [INFO ] W-9014-morphine_1.0-stdout MODEL_LOG - Connection accepted: /var/folders/0c/54lgz9b14hd55f_d4cynpllr0000gn/T//.ts.sock.9014.
2021-08-16 07:44:37,642 [INFO ] W-9004-morphine_1.0-stdout MODEL_LOG - Connection accepted: /var/folders/0c/54lgz9b14hd55f_d4cynpllr0000gn/T//.ts.sock.9004.
2021-08-16 07:44:37,642 [INFO ] W-9010-morphine_1.0-stdout MODEL_LOG - Connection accepted: /var/folders/0c/54lgz9b14hd55f_d4cynpllr0000gn/T//.ts.sock.9010.
2021-08-16 07:44:37,642 [INFO ] W-9013-morphine_1.0-stdout MODEL_LOG - Connection accepted: /var/folders/0c/54lgz9b14hd55f_d4cynpllr0000gn/T//.ts.sock.9013.
2021-08-16 07:44:37,645 [INFO ] W-9008-morphine_1.0-stdout MODEL_LOG - Connection accepted: /var/folders/0c/54lgz9b14hd55f_d4cynpllr0000gn/T//.ts.sock.9008.
2021-08-16 07:44:37,648 [INFO ] W-9012-morphine_1.0-stdout MODEL_LOG - Connection accepted: /var/folders/0c/54lgz9b14hd55f_d4cynpllr0000gn/T//.ts.sock.9012.
2021-08-16 07:44:37,648 [INFO ] W-9005-morphine_1.0-stdout MODEL_LOG - Connection accepted: /var/folders/0c/54lgz9b14hd55f_d4cynpllr0000gn/T//.ts.sock.9005.
2021-08-16 07:44:37,648 [INFO ] W-9009-morphine_1.0-stdout MODEL_LOG - Connection accepted: /var/folders/0c/54lgz9b14hd55f_d4cynpllr0000gn/T//.ts.sock.9009.
2021-08-16 07:44:37,648 [INFO ] W-9001-morphine_1.0-stdout MODEL_LOG - Connection accepted: /var/folders/0c/54lgz9b14hd55f_d4cynpllr0000gn/T//.ts.sock.9001.
2021-08-16 07:44:37,936 [INFO ] W-9005-morphine_1.0-stdout MODEL_LOG - model_name: morphine, batchSize: 1
2021-08-16 07:44:37,947 [INFO ] W-9002-morphine_1.0-stdout MODEL_LOG - model_name: morphine, batchSize: 1
2021-08-16 07:44:37,949 [INFO ] W-9013-morphine_1.0-stdout MODEL_LOG - model_name: morphine, batchSize: 1
2021-08-16 07:44:37,966 [INFO ] W-9015-morphine_1.0-stdout MODEL_LOG - model_name: morphine, batchSize: 1
2021-08-16 07:44:38,013 [INFO ] W-9007-morphine_1.0-stdout MODEL_LOG - model_name: morphine, batchSize: 1
2021-08-16 07:44:38,049 [INFO ] W-9001-morphine_1.0-stdout MODEL_LOG - model_name: morphine, batchSize: 1
2021-08-16 07:44:38,058 [INFO ] W-9009-morphine_1.0-stdout MODEL_LOG - model_name: morphine, batchSize: 1
2021-08-16 07:44:38,067 [INFO ] W-9000-morphine_1.0-stdout MODEL_LOG - model_name: morphine, batchSize: 1
2021-08-16 07:44:38,078 [INFO ] W-9014-morphine_1.0-stdout MODEL_LOG - model_name: morphine, batchSize: 1
2021-08-16 07:44:38,078 [INFO ] W-9010-morphine_1.0-stdout MODEL_LOG - model_name: morphine, batchSize: 1
2021-08-16 07:44:38,081 [INFO ] W-9012-morphine_1.0-stdout MODEL_LOG - model_name: morphine, batchSize: 1
2021-08-16 07:44:38,086 [INFO ] W-9004-morphine_1.0-stdout MODEL_LOG - model_name: morphine, batchSize: 1
2021-08-16 07:44:38,089 [INFO ] W-9011-morphine_1.0-stdout MODEL_LOG - model_name: morphine, batchSize: 1
2021-08-16 07:44:38,094 [INFO ] W-9003-morphine_1.0-stdout MODEL_LOG - model_name: morphine, batchSize: 1
2021-08-16 07:44:38,094 [INFO ] W-9006-morphine_1.0-stdout MODEL_LOG - model_name: morphine, batchSize: 1
2021-08-16 07:44:38,100 [INFO ] W-9008-morphine_1.0-stdout MODEL_LOG - model_name: morphine, batchSize: 1
2021-08-16 07:45:00,934 [INFO ] W-9013-morphine_1.0-stdout MODEL_LOG - Received decoded text: '{"hr":90, "rr": 60, "pl": 10}
2021-08-16 07:45:00,934 [INFO ] W-9013-morphine_1.0-stdout MODEL_LOG - '
2021-08-16 07:50:46,774 [INFO ] W-9007-morphine_1.0-stdout MODEL_LOG - Received decoded text: '{"hr":90, "rr": 60, "pl": 5}
2021-08-16 07:50:46,775 [INFO ] W-9007-morphine_1.0-stdout MODEL_LOG - '
2021-08-16 07:51:06,945 [INFO ] W-9001-morphine_1.0-stdout MODEL_LOG - Received decoded text: '{"hr":90, "rr": 60, "pl": 2}
2021-08-16 07:51:06,945 [INFO ] W-9001-morphine_1.0-stdout MODEL_LOG - '
2021-08-16 07:51:34,317 [INFO ] W-9002-morphine_1.0-stdout MODEL_LOG - Received decoded text: '{"hr":90, "rr": 60, "pl": 0}
2021-08-16 07:51:34,317 [INFO ] W-9002-morphine_1.0-stdout MODEL_LOG - '
2021-08-16 07:52:19,570 [INFO ] W-9000-morphine_1.0-stdout MODEL_LOG - Received decoded text: '{"hr":70, "rr": 65, "pl": 1}
2021-08-16 07:52:19,570 [INFO ] W-9000-morphine_1.0-stdout MODEL_LOG - '
2021-08-16 07:55:18,204 [INFO ] W-9015-morphine_1.0-stdout MODEL_LOG - Received decoded text: '{"hr":70, "rr": 65, "pl": 1}
2021-08-16 07:55:18,204 [INFO ] W-9015-morphine_1.0-stdout MODEL_LOG - '
