2021-07-31 10:33:23,148 - CPUUtilization.Percent:0.0|#Level:Host|#hostname:Michaels-MacBook-Pro.local,timestamp:1627698803
2021-07-31 10:33:23,149 - DiskAvailable.Gigabytes:40.75381088256836|#Level:Host|#hostname:Michaels-MacBook-Pro.local,timestamp:1627698803
2021-07-31 10:33:23,150 - DiskUsage.Gigabytes:14.281776428222656|#Level:Host|#hostname:Michaels-MacBook-Pro.local,timestamp:1627698803
2021-07-31 10:33:23,150 - DiskUtilization.Percent:26.0|#Level:Host|#hostname:Michaels-MacBook-Pro.local,timestamp:1627698803
2021-07-31 10:33:23,150 - MemoryAvailable.Megabytes:5778.0703125|#Level:Host|#hostname:Michaels-MacBook-Pro.local,timestamp:1627698803
2021-07-31 10:33:23,150 - MemoryUsed.Megabytes:8981.0859375|#Level:Host|#hostname:Michaels-MacBook-Pro.local,timestamp:1627698803
2021-07-31 10:33:23,151 - MemoryUtilization.Percent:64.7|#Level:Host|#hostname:Michaels-MacBook-Pro.local,timestamp:1627698803
2021-07-31 10:39:22,839 - CPUUtilization.Percent:0.0|#Level:Host|#hostname:Michaels-MacBook-Pro.local,timestamp:1627699162
2021-07-31 10:39:22,840 - DiskAvailable.Gigabytes:40.80076217651367|#Level:Host|#hostname:Michaels-MacBook-Pro.local,timestamp:1627699162
2021-07-31 10:39:22,840 - DiskUsage.Gigabytes:14.281776428222656|#Level:Host|#hostname:Michaels-MacBook-Pro.local,timestamp:1627699162
2021-07-31 10:39:22,840 - DiskUtilization.Percent:25.9|#Level:Host|#hostname:Michaels-MacBook-Pro.local,timestamp:1627699162
2021-07-31 10:39:22,841 - MemoryAvailable.Megabytes:5543.10546875|#Level:Host|#hostname:Michaels-MacBook-Pro.local,timestamp:1627699162
2021-07-31 10:39:22,841 - MemoryUsed.Megabytes:9043.73046875|#Level:Host|#hostname:Michaels-MacBook-Pro.local,timestamp:1627699162
2021-07-31 10:39:22,841 - MemoryUtilization.Percent:66.2|#Level:Host|#hostname:Michaels-MacBook-Pro.local,timestamp:1627699162
2021-07-31 10:40:22,816 - CPUUtilization.Percent:0.0|#Level:Host|#hostname:Michaels-MacBook-Pro.local,timestamp:1627699222
2021-07-31 10:40:22,816 - DiskAvailable.Gigabytes:40.7964973449707|#Level:Host|#hostname:Michaels-MacBook-Pro.local,timestamp:1627699222
2021-07-31 10:40:22,816 - DiskUsage.Gigabytes:14.281776428222656|#Level:Host|#hostname:Michaels-MacBook-Pro.local,timestamp:1627699222
2021-07-31 10:40:22,816 - DiskUtilization.Percent:25.9|#Level:Host|#hostname:Michaels-MacBook-Pro.local,timestamp:1627699222
2021-07-31 10:40:22,816 - MemoryAvailable.Megabytes:5784.62109375|#Level:Host|#hostname:Michaels-MacBook-Pro.local,timestamp:1627699222
2021-07-31 10:40:22,817 - MemoryUsed.Megabytes:8547.20703125|#Level:Host|#hostname:Michaels-MacBook-Pro.local,timestamp:1627699222
2021-07-31 10:40:22,817 - MemoryUtilization.Percent:64.7|#Level:Host|#hostname:Michaels-MacBook-Pro.local,timestamp:1627699222
2021-07-31 10:44:41,606 - CPUUtilization.Percent:0.0|#Level:Host|#hostname:Michaels-MacBook-Pro.local,timestamp:1627699481
2021-07-31 10:44:41,607 - DiskAvailable.Gigabytes:40.796695709228516|#Level:Host|#hostname:Michaels-MacBook-Pro.local,timestamp:1627699481
2021-07-31 10:44:41,608 - DiskUsage.Gigabytes:14.281776428222656|#Level:Host|#hostname:Michaels-MacBook-Pro.local,timestamp:1627699481
2021-07-31 10:44:41,608 - DiskUtilization.Percent:25.9|#Level:Host|#hostname:Michaels-MacBook-Pro.local,timestamp:1627699481
2021-07-31 10:44:41,609 - MemoryAvailable.Megabytes:5682.8125|#Level:Host|#hostname:Michaels-MacBook-Pro.local,timestamp:1627699481
2021-07-31 10:44:41,609 - MemoryUsed.Megabytes:8665.59375|#Level:Host|#hostname:Michaels-MacBook-Pro.local,timestamp:1627699481
2021-07-31 10:44:41,609 - MemoryUtilization.Percent:65.3|#Level:Host|#hostname:Michaels-MacBook-Pro.local,timestamp:1627699481
2021-07-31 10:45:41,564 - CPUUtilization.Percent:0.0|#Level:Host|#hostname:Michaels-MacBook-Pro.local,timestamp:1627699541
2021-07-31 10:45:41,565 - DiskAvailable.Gigabytes:40.78927230834961|#Level:Host|#hostname:Michaels-MacBook-Pro.local,timestamp:1627699541
2021-07-31 10:45:41,565 - DiskUsage.Gigabytes:14.281776428222656|#Level:Host|#hostname:Michaels-MacBook-Pro.local,timestamp:1627699541
2021-07-31 10:45:41,565 - DiskUtilization.Percent:25.9|#Level:Host|#hostname:Michaels-MacBook-Pro.local,timestamp:1627699541
2021-07-31 10:45:41,565 - MemoryAvailable.Megabytes:6241.01953125|#Level:Host|#hostname:Michaels-MacBook-Pro.local,timestamp:1627699541
2021-07-31 10:45:41,565 - MemoryUsed.Megabytes:7942.26953125|#Level:Host|#hostname:Michaels-MacBook-Pro.local,timestamp:1627699541
2021-07-31 10:45:41,565 - MemoryUtilization.Percent:61.9|#Level:Host|#hostname:Michaels-MacBook-Pro.local,timestamp:1627699541
